0 info it worked if it ends with ok
1 verbose cli [ 'C:\\Program Files\\nodejs\\node.exe',
1 verbose cli   'C:\\Program Files\\nodejs\\node_modules\\npm\\bin\\npm-cli.js',
1 verbose cli   'run',
1 verbose cli   'deploy' ]
2 info using npm@3.6.0
3 info using node@v5.7.0
4 verbose run-script [ 'predeploy', 'deploy', 'postdeploy' ]
5 info lifecycle webpack-demo-v2@1.0.0~predeploy: webpack-demo-v2@1.0.0
6 silly lifecycle webpack-demo-v2@1.0.0~predeploy: no script for predeploy, continuing
7 info lifecycle webpack-demo-v2@1.0.0~deploy: webpack-demo-v2@1.0.0
8 verbose lifecycle webpack-demo-v2@1.0.0~deploy: unsafe-perm in lifecycle true
9 verbose lifecycle webpack-demo-v2@1.0.0~deploy: PATH: C:\Program Files\nodejs\node_modules\npm\bin\node-gyp-bin;D:\_Dev\WebDesign\sandbox\webpack-demo-v2\node_modules\.bin;H:\bin;C:\Program Files\Git\mingw64\bin;C:\Program Files\Git\usr\local\bin;C:\Program Files\Git\usr\bin;C:\Program Files\Git\usr\bin;C:\Program Files\Git\mingw64\bin;C:\Program Files\Git\usr\bin;H:\bin;C:\Program Files (x86)\Common Files\Intel\Shared Libraries\redist\intel64\mpirt;C:\Program Files (x86)\Common Files\Intel\Shared Libraries\redist\intel64\compiler;C:\Program Files (x86)\Common Files\Intel\Shared Libraries\redist\ia32\mpirt;C:\Program Files (x86)\Common Files\Intel\Shared Libraries\redist\ia32\compiler;C:\VERSANT\8\bin;C:\Perl\site\bin;C:\Perl\bin;C:\Program Files (x86)\Common Files\Intel\Shared Files\fortran\bin\ia32;C:\ProgramData\Oracle\Java\javapath;C:\Windows\system32;C:\Windows;C:\Windows\System32\Wbem;C:\Windows\System32\WindowsPowerShell\v1.0;C:\Program Files (x86)\Bentley\AECOsimBuildingDesigner V8i Ss5\AECOsimBuildingDesigner\;C:\Program Files\Microsoft SQL Server\120\Tools\Binn;C:\Program Files (x86)\Windows Kits\10\Windows Performance Toolkit;C:\Program Files (x86)\ArcGIS\Bin;C:\Program Files\Common Files\Autodesk Shared;C:\Program Files (x86)\Autodesk\Backburner;C:\Program Files (x86)\GtkSharp\2.12\bin;C:\Program Files\nodejs;C:\Program Files\Git\cmd;C:\Program Files\Git\mingw64\bin;C:\Program Files\Git\usr\bin;C:\Ruby23-x64\bin;C:\Program Files (x86)\Bentley\AECOsimBuildingDesigner V8i Ss5\AECOsimBuildingDesigner;C:\Users\biddles\AppData\Local\atom\bin;C:\Users\biddles\AppData\Roaming\npm;C:\Users\biddles\AppData\Local\.meteor;C:\Program Files\Git\usr\bin\vendor_perl;C:\Program Files\Git\usr\bin\core_perl
10 verbose lifecycle webpack-demo-v2@1.0.0~deploy: CWD: D:\_Dev\WebDesign\sandbox\webpack-demo-v2
11 silly lifecycle webpack-demo-v2@1.0.0~deploy: Args: [ '/d /s /c', 'gh-pages -d build' ]
12 silly lifecycle webpack-demo-v2@1.0.0~deploy: Returned: code: 1  signal: null
13 info lifecycle webpack-demo-v2@1.0.0~deploy: Failed to exec deploy script
14 verbose stack Error: webpack-demo-v2@1.0.0 deploy: `gh-pages -d build`
14 verbose stack Exit status 1
14 verbose stack     at EventEmitter.<anonymous> (C:\Program Files\nodejs\node_modules\npm\lib\utils\lifecycle.js:232:16)
14 verbose stack     at emitTwo (events.js:100:13)
14 verbose stack     at EventEmitter.emit (events.js:185:7)
14 verbose stack     at ChildProcess.<anonymous> (C:\Program Files\nodejs\node_modules\npm\lib\utils\spawn.js:24:14)
14 verbose stack     at emitTwo (events.js:100:13)
14 verbose stack     at ChildProcess.emit (events.js:185:7)
14 verbose stack     at maybeClose (internal/child_process.js:827:16)
14 verbose stack     at Process.ChildProcess._handle.onexit (internal/child_process.js:211:5)
15 verbose pkgid webpack-demo-v2@1.0.0
16 verbose cwd D:\_Dev\WebDesign\sandbox\webpack-demo-v2
17 error Windows_NT 6.1.7601
18 error argv "C:\\Program Files\\nodejs\\node.exe" "C:\\Program Files\\nodejs\\node_modules\\npm\\bin\\npm-cli.js" "run" "deploy"
19 error node v5.7.0
20 error npm  v3.6.0
21 error code ELIFECYCLE
22 error webpack-demo-v2@1.0.0 deploy: `gh-pages -d build`
22 error Exit status 1
23 error Failed at the webpack-demo-v2@1.0.0 deploy script 'gh-pages -d build'.
23 error Make sure you have the latest version of node.js and npm installed.
23 error If you do, this is most likely a problem with the webpack-demo-v2 package,
23 error not with npm itself.
23 error Tell the author that this fails on your system:
23 error     gh-pages -d build
23 error You can get information on how to open an issue for this project with:
23 error     npm bugs webpack-demo-v2
23 error Or if that isn't available, you can get their info via:
23 error     npm owner ls webpack-demo-v2
23 error There is likely additional logging output above.
24 verbose exit [ 1, true ]
